<?xml version="1.0" encoding="UTF-8"?>
<!-- Generated by org.testng.reporters.JUnitReportReporter -->
<testsuite skipped="0" hostname="cl-phuongnguyen" name="automationTest.SeleniumDemo" tests="1" failures="0" timestamp="23 Apr 2021 09:19:40 GMT" time="12.580" errors="0">
  <testcase name="TC_01_Verify_Documentation_Title" time="12.580" classname="automationTest.SeleniumDemo"/>
</testsuite> <!-- automationTest.SeleniumDemo -->
