<?xml version="1.0" encoding="UTF-8"?>
<!-- Generated by org.testng.reporters.JUnitReportReporter -->
<testsuite skipped="0" hostname="cl-phuongnguyen" name="automationTest.SeleniumDemo" tests="1" failures="0" timestamp="23 Apr 2021 10:05:34 GMT" time="11.948" errors="0">
  <testcase name="TC_01_Verify_Documentation_Title" time="11.948" classname="automationTest.SeleniumDemo"/>
</testsuite> <!-- automationTest.SeleniumDemo -->
